0 info it worked if it ends with ok
1 verbose cli [ '/home/zhangtian/.nvm/versions/node/v5.8.0/bin/node',
1 verbose cli   '/home/zhangtian/.nvm/versions/node/v5.8.0/bin/npm',
1 verbose cli   'start' ]
2 info using npm@3.9.2
3 info using node@v5.8.0
4 verbose stack Error: missing script: start
4 verbose stack     at run (/home/zhangtian/.nvm/versions/node/v5.8.0/lib/node_modules/npm/lib/run-script.js:150:19)
4 verbose stack     at /home/zhangtian/.nvm/versions/node/v5.8.0/lib/node_modules/npm/lib/run-script.js:60:5
4 verbose stack     at /home/zhangtian/.nvm/versions/node/v5.8.0/lib/node_modules/npm/node_modules/read-package-json/read-json.js:356:5
4 verbose stack     at checkBinReferences_ (/home/zhangtian/.nvm/versions/node/v5.8.0/lib/node_modules/npm/node_modules/read-package-json/read-json.js:320:45)
4 verbose stack     at final (/home/zhangtian/.nvm/versions/node/v5.8.0/lib/node_modules/npm/node_modules/read-package-json/read-json.js:354:3)
4 verbose stack     at then (/home/zhangtian/.nvm/versions/node/v5.8.0/lib/node_modules/npm/node_modules/read-package-json/read-json.js:124:5)
4 verbose stack     at /home/zhangtian/.nvm/versions/node/v5.8.0/lib/node_modules/npm/node_modules/read-package-json/read-json.js:243:12
4 verbose stack     at /home/zhangtian/.nvm/versions/node/v5.8.0/lib/node_modules/npm/node_modules/graceful-fs/graceful-fs.js:78:16
4 verbose stack     at tryToString (fs.js:414:3)
4 verbose stack     at FSReqWrap.readFileAfterClose [as oncomplete] (fs.js:401:12)
5 verbose cwd /home/zhangtian/Workspace/take-out-food
6 error Linux 4.2.0-38-generic
7 error argv "/home/zhangtian/.nvm/versions/node/v5.8.0/bin/node" "/home/zhangtian/.nvm/versions/node/v5.8.0/bin/npm" "start"
8 error node v5.8.0
9 error npm  v3.9.2
10 error missing script: start
11 error If you need help, you may report this error at:
11 error     <https://github.com/npm/npm/issues>
12 verbose exit [ 1, true ]
